
Dropping the database nvq if exists...
  >> Database  dropped.

Creating database nvq...
  >> Database  created.

installing Postgis through Extension...
CREATE EXTENSION
  >> Postgis extension created
Done with database creation


Loading dictionary tables (codes, enums, etc.)

psql:/Users/nicolas/Projets/nvq/sql_scripts/load_ref_data.sql:5: NOTICE:  table "li_chain_name" does not exist, skipping
Temps : 0,510 ms
psql:/Users/nicolas/Projets/nvq/sql_scripts/load_ref_data.sql:11: NOTICE:  CREATE TABLE will create implicit sequence "li_chain_name_id_seq" for serial column "li_chain_name.id"
psql:/Users/nicolas/Projets/nvq/sql_scripts/load_ref_data.sql:11: NOTICE:  CREATE TABLE / PRIMARY KEY will create implicit index "li_chain_name_pkey" for table "li_chain_name"
Temps : 5,726 ms
psql:/Users/nicolas/Projets/nvq/sql_scripts/load_ref_data.sql:14: NOTICE:  table "li_country_chain_name" does not exist, skipping
Temps : 0,272 ms
psql:/Users/nicolas/Projets/nvq/sql_scripts/load_ref_data.sql:24: NOTICE:  CREATE TABLE will create implicit sequence "li_country_chain_name_id_seq" for serial column "li_country_chain_name.id"
psql:/Users/nicolas/Projets/nvq/sql_scripts/load_ref_data.sql:24: NOTICE:  CREATE TABLE / PRIMARY KEY will create implicit index "li_country_chain_name_pkey" for table "li_country_chain_name"
Temps : 3,158 ms
psql:/Users/nicolas/Projets/nvq/sql_scripts/load_ref_data.sql:27: NOTICE:  table "li_family_brand_name" does not exist, skipping
Temps : 0,172 ms
psql:/Users/nicolas/Projets/nvq/sql_scripts/load_ref_data.sql:35: NOTICE:  CREATE TABLE will create implicit sequence "li_family_brand_name_id_seq" for serial column "li_family_brand_name.id"
psql:/Users/nicolas/Projets/nvq/sql_scripts/load_ref_data.sql:35: NOTICE:  CREATE TABLE / PRIMARY KEY will create implicit index "li_family_brand_name_pkey" for table "li_family_brand_name"
Temps : 2,790 ms
psql:/Users/nicolas/Projets/nvq/sql_scripts/load_ref_data.sql:38: NOTICE:  table "class_code" does not exist, skipping
Temps : 0,140 ms
psql:/Users/nicolas/Projets/nvq/sql_scripts/load_ref_data.sql:43: NOTICE:  CREATE TABLE / PRIMARY KEY will create implicit index "class_code_pkey" for table "class_code"
Temps : 2,539 ms

Loading Navteq layers structure

Shapefile type: Polygon
Postgis type: MULTIPOLYGON[2]
Temps : 0,261 ms
Temps : 0,201 ms
Temps : 0,053 ms
NOTICE:  CREATE TABLE will create implicit sequence "adminbndy2_gid_seq" for serial column "adminbndy2.gid"
Temps : 3,476 ms
NOTICE:  ALTER TABLE / ADD PRIMARY KEY will create implicit index "adminbndy2_pkey" for table "adminbndy2"
Temps : 1,403 ms
                       addgeometrycolumn                        
----------------------------------------------------------------
 public.adminbndy2.the_geom SRID:4326 TYPE:MULTIPOLYGON DIMS:2 
(1 ligne)

Temps : 10,258 ms
Temps : 0,631 ms
Shapefile type: Polygon
Postgis type: MULTIPOLYGON[2]
Temps : 0,338 ms
Temps : 0,082 ms
Temps : 0,047 ms
NOTICE:  CREATE TABLE will create implicit sequence "adminbndy3_gid_seq" for serial column "adminbndy3.gid"
Temps : 3,309 ms
NOTICE:  ALTER TABLE / ADD PRIMARY KEY will create implicit index "adminbndy3_pkey" for table "adminbndy3"
Temps : 1,420 ms
                       addgeometrycolumn                        
----------------------------------------------------------------
 public.adminbndy3.the_geom SRID:4326 TYPE:MULTIPOLYGON DIMS:2 
(1 ligne)

Temps : 9,059 ms
Temps : 0,790 ms
Shapefile type: Polygon
Postgis type: MULTIPOLYGON[2]
Temps : 0,266 ms
Temps : 0,082 ms
Temps : 0,047 ms
NOTICE:  CREATE TABLE will create implicit sequence "adminbndy4_gid_seq" for serial column "adminbndy4.gid"
Temps : 3,425 ms
NOTICE:  ALTER TABLE / ADD PRIMARY KEY will create implicit index "adminbndy4_pkey" for table "adminbndy4"
Temps : 2,026 ms
                       addgeometrycolumn                        
----------------------------------------------------------------
 public.adminbndy4.the_geom SRID:4326 TYPE:MULTIPOLYGON DIMS:2 
(1 ligne)

Temps : 9,046 ms
Temps : 0,435 ms
Shapefile type: Polygon
Postgis type: MULTIPOLYGON[2]
Temps : 0,254 ms
Temps : 0,191 ms
Temps : 0,050 ms
NOTICE:  CREATE TABLE will create implicit sequence "adminbndy5_gid_seq" for serial column "adminbndy5.gid"
Temps : 3,493 ms
NOTICE:  ALTER TABLE / ADD PRIMARY KEY will create implicit index "adminbndy5_pkey" for table "adminbndy5"
Temps : 1,262 ms
                       addgeometrycolumn                        
----------------------------------------------------------------
 public.adminbndy5.the_geom SRID:4326 TYPE:MULTIPOLYGON DIMS:2 
(1 ligne)

Temps : 10,185 ms
Temps : 0,766 ms
  >> tables structure loaded

Shapefile type: Polygon
Postgis type: MULTIPOLYGON[2]
Temps : 0,329 ms
Temps : 0,060 ms
Temps : 0,057 ms
Temps : 16,029 ms
Temps : 1,039 ms
Shapefile type: Polygon
Postgis type: MULTIPOLYGON[2]
Temps : 0,330 ms
Temps : 0,067 ms
Temps : 0,051 ms
Temps : 37,604 ms
Temps : 2,187 ms
Shapefile type: Polygon
Postgis type: MULTIPOLYGON[2]
Temps : 0,247 ms
Temps : 0,090 ms
Temps : 0,062 ms
Temps : 299,731 ms
Temps : 20,976 ms
Shapefile type: Polygon
Postgis type: MULTIPOLYGON[2]
Temps : 0,257 ms
Temps : 0,094 ms
Temps : 0,066 ms
Temps : 183,577 ms
Temps : 13,375 ms
/Volumes/Lucifer/data/EMEA/FRANCE_ANDORRA/F1AM12400EF1000AABCE
Chronométrage activé.
L'affichage de null est « [NULL] ».
psql:sql_scripts/load_surface.sql:4: NOTICE:  sequence "surf_seq" does not exist, skipping
DROP SEQUENCE
Temps : 0,389 ms
CREATE SEQUENCE
Temps : 2,312 ms
psql:sql_scripts/load_surface.sql:10: NOTICE:  table "surface" does not exist, skipping
DROP TABLE
Temps : 0,214 ms
SELECT 3031
Temps : 349,425 ms
DROP TABLE
Temps : 4,935 ms
DROP TABLE
Temps : 4,675 ms
DROP TABLE
Temps : 5,371 ms
DROP TABLE
Temps : 5,084 ms
psql:sql_scripts/load_surface.sql:32: NOTICE:  ALTER TABLE / ADD PRIMARY KEY will create implicit index "surface_pkey" for table "surface"
ALTER TABLE
Temps : 4,536 ms
ALTER TABLE
Temps : 3,344 ms
CREATE INDEX
Temps : 12,433 ms
COMMENT
Temps : 0,561 ms
COMMENT
Temps : 0,304 ms
COMMENT
Temps : 0,275 ms
COMMENT
Temps : 0,303 ms
COMMENT
Temps : 0,269 ms
COMMENT
Temps : 0,259 ms
COMMENT
Temps : 0,264 ms
COMMENT
Temps : 0,260 ms
